2025-11-02 17:12:23,525 [Worker-7: Loading available Gradle versions] INFO  o.e.b.c.i.u.g.PublishedGradleVersions - Gradle version information cache is up-to-date. Trying to read.
2025-11-03 00:52:05,217 [Worker-10: Import Getting Started Content] INFO  o.e.m.c.i.l.LifecycleMappingFactory - Using org.eclipse.m2e.jdt.JarLifecycleMapping lifecycle mapping for MavenProject: com.app:Springboot-micro1:0.0.1-SNAPSHOT @ F:\natraj-ws\MICROSERVICE_PROJECT_BASIC\Springboot-micro1\pom.xml.
2025-11-03 00:52:06,599 [Worker-10: Import Getting Started Content] INFO  o.e.m.j.i.AbstractJavaProjectConfigurator - Adding source folder /Springboot-micro1/src/main/java
2025-11-03 00:52:06,599 [Worker-10: Import Getting Started Content] INFO  o.e.m.j.i.AbstractJavaProjectConfigurator - Adding resource folder /Springboot-micro1/src/main/resources
2025-11-03 00:52:06,612 [Worker-10: Import Getting Started Content] INFO  o.e.m.j.i.AbstractJavaProjectConfigurator - Adding resource folder /Springboot-micro1/src/main/resources
2025-11-03 00:52:06,630 [Worker-10: Import Getting Started Content] INFO  o.e.m.j.i.AbstractJavaProjectConfigurator - Adding source folder /Springboot-micro1/src/test/java
2025-11-03 00:52:08,166 [Worker-10: Import Getting Started Content] INFO  o.e.m.c.i.p.ProjectConfigurationManager - Imported and configured 1 project(s) in 5 sec
2025-11-03 00:52:08,170 [Worker-10: Import Getting Started Content] INFO  o.e.m.c.i.p.ProjectConfigurationManager - Update started
2025-11-03 00:52:08,708 [Worker-10: Import Getting Started Content] INFO  o.e.m.c.i.l.LifecycleMappingFactory - Using org.eclipse.m2e.jdt.JarLifecycleMapping lifecycle mapping for MavenProject: com.app:Springboot-micro1:0.0.1-SNAPSHOT @ F:\natraj-ws\MICROSERVICE_PROJECT_BASIC\Springboot-micro1\pom.xml.
2025-11-03 00:52:09,043 [Worker-10: Import Getting Started Content] INFO  o.e.m.j.i.AbstractJavaProjectConfigurator - Adding source folder /Springboot-micro1/src/main/java
2025-11-03 00:52:09,043 [Worker-10: Import Getting Started Content] INFO  o.e.m.j.i.AbstractJavaProjectConfigurator - Adding resource folder /Springboot-micro1/src/main/resources
2025-11-03 00:52:09,044 [Worker-10: Import Getting Started Content] INFO  o.e.m.j.i.AbstractJavaProjectConfigurator - Adding resource folder /Springboot-micro1/src/main/resources
2025-11-03 00:52:09,045 [Worker-10: Import Getting Started Content] INFO  o.e.m.j.i.AbstractJavaProjectConfigurator - Adding source folder /Springboot-micro1/src/test/java
2025-11-03 00:52:09,955 [Worker-10: Import Getting Started Content] INFO  o.e.m.c.i.p.ProjectConfigurationManager - Update completed: 1 sec
2025-11-03 00:52:10,656 [Worker-16: Building] INFO  o.a.m.s.f.DefaultMavenResourcesFiltering - Copying 1 resource from src\main\resources to target\classes
2025-11-03 00:52:10,707 [Worker-16: Building] INFO  o.a.m.s.f.DefaultMavenResourcesFiltering - Copying 0 resource from src\main\resources to target\classes
2025-11-03 00:52:10,711 [Worker-16: Building] INFO  o.a.m.s.f.DefaultMavenResourcesFiltering - skip non existing resourceDirectory F:\natraj-ws\MICROSERVICE_PROJECT_BASIC\Springboot-micro1\src\test\resources
2025-11-03 00:52:16,588 [Worker-13: Building] INFO  o.e.m.c.i.l.LifecycleMappingFactory - Using org.eclipse.m2e.jdt.JarLifecycleMapping lifecycle mapping for MavenProject: com.app:Springboot-micro1:0.0.1-SNAPSHOT @ F:\natraj-ws\MICROSERVICE_PROJECT_BASIC\Springboot-micro1-test\pom.xml.
2025-11-03 00:52:16,945 [Worker-13: Building] INFO  o.a.m.s.f.DefaultMavenResourcesFiltering - Copying 1 resource from src\main\resources to target\classes
2025-11-03 00:52:16,949 [Worker-13: Building] INFO  o.a.m.s.f.DefaultMavenResourcesFiltering - Copying 0 resource from src\main\resources to target\classes
2025-11-03 00:52:16,955 [Worker-13: Building] INFO  o.a.m.s.f.DefaultMavenResourcesFiltering - skip non existing resourceDirectory F:\natraj-ws\MICROSERVICE_PROJECT_BASIC\Springboot-micro1-test\src\test\resources
2025-11-03 00:52:18,272 [Worker-13: Building] INFO  o.a.m.s.f.DefaultMavenResourcesFiltering - Copying 1 resource from src\main\resources to target\classes
2025-11-03 00:52:18,276 [Worker-13: Building] INFO  o.a.m.s.f.DefaultMavenResourcesFiltering - Copying 0 resource from src\main\resources to target\classes
2025-11-03 00:52:18,283 [Worker-13: Building] INFO  o.a.m.s.f.DefaultMavenResourcesFiltering - skip non existing resourceDirectory F:\natraj-ws\MICROSERVICE_PROJECT_BASIC\Springboot-micro1-test\src\test\resources
2025-11-03 00:52:30,022 [Worker-16: Building] INFO  o.a.m.s.f.DefaultMavenResourcesFiltering - Copying 1 resource from src\main\resources to target\classes
2025-11-03 00:52:30,044 [Worker-16: Building] INFO  o.a.m.s.f.DefaultMavenResourcesFiltering - Copying 0 resource from src\main\resources to target\classes
2025-11-03 00:52:30,057 [Worker-16: Building] INFO  o.a.m.s.f.DefaultMavenResourcesFiltering - skip non existing resourceDirectory F:\natraj-ws\MICROSERVICE_PROJECT_BASIC\Springboot-micro1-test\src\test\resources
2025-11-03 00:53:20,815 [Worker-14: Building] INFO  o.a.m.s.f.DefaultMavenResourcesFiltering - Copying 1 resource from src\main\resources to target\classes
2025-11-03 00:53:20,846 [Worker-14: Building] INFO  o.a.m.s.f.DefaultMavenResourcesFiltering - Copying 0 resource from src\main\resources to target\classes
2025-11-03 00:53:20,859 [Worker-14: Building] INFO  o.a.m.s.f.DefaultMavenResourcesFiltering - skip non existing resourceDirectory F:\natraj-ws\MICROSERVICE_PROJECT_BASIC\Springboot-micro1-test\src\test\resources
